{"F:\\Web Dev\\Quizario\\backend\\index.js": {"path":"F:\\Web Dev\\Quizario\\backend\\index.js","statementMap":{"0":{"start":{"line":1,"column":0},"end":{"line":1,"column":32}},"1":{"start":{"line":2,"column":16},"end":{"line":2,"column":34}},"2":{"start":{"line":3,"column":12},"end":{"line":3,"column":21}},"3":{"start":{"line":5,"column":0},"end":{"line":5,"column":30}},"4":{"start":{"line":6,"column":0},"end":{"line":6,"column":31}},"5":{"start":{"line":7,"column":0},"end":{"line":7,"column":32}},"6":{"start":{"line":8,"column":0},"end":{"line":8,"column":33}},"7":{"start":{"line":10,"column":13},"end":{"line":10,"column":37}},"8":{"start":{"line":11,"column":15},"end":{"line":11,"column":92}},"9":{"start":{"line":11,"column":38},"end":{"line":11,"column":91}},"10":{"start":{"line":13,"column":0},"end":{"line":13,"column":24}}},"fnMap":{"0":{"name":"(anonymous_0)","decl":{"start":{"line":11,"column":32},"end":{"line":11,"column":33}},"loc":{"start":{"line":11,"column":38},"end":{"line":11,"column":91}},"line":11}},"branchMap":{"0":{"loc":{"start":{"line":10,"column":13},"end":{"line":10,"column":37}},"type":"binary-expr","locations":[{"start":{"line":10,"column":13},"end":{"line":10,"column":29}},{"start":{"line":10,"column":33},"end":{"line":10,"column":37}}],"line":10}},"s":{"0":3,"1":3,"2":3,"3":3,"4":3,"5":3,"6":3,"7":3,"8":3,"9":3,"10":3},"f":{"0":3},"b":{"0":[3,3]},"_coverageSchema":"43e27e138ebf9cfc5966b082cf9a028302ed4184","hash":"d331ef7f292ea0c811c4c7c9c23dc72484749de0"}
,"F:\\Web Dev\\Quizario\\backend\\helpers\\createDummyText.js": {"path":"F:\\Web Dev\\Quizario\\backend\\helpers\\createDummyText.js","statementMap":{"0":{"start":{"line":1,"column":0},"end":{"line":1,"column":65}},"1":{"start":{"line":1,"column":33},"end":{"line":1,"column":64}}},"fnMap":{"0":{"name":"(anonymous_0)","decl":{"start":{"line":1,"column":17},"end":{"line":1,"column":18}},"loc":{"start":{"line":1,"column":33},"end":{"line":1,"column":64}},"line":1}},"branchMap":{"0":{"loc":{"start":{"line":1,"column":18},"end":{"line":1,"column":28}},"type":"default-arg","locations":[{"start":{"line":1,"column":27},"end":{"line":1,"column":28}}],"line":1}},"s":{"0":4,"1":10},"f":{"0":10},"b":{"0":[0]},"_coverageSchema":"43e27e138ebf9cfc5966b082cf9a028302ed4184","hash":"1906c72f4b1745c52c78b0aba020b3e05cab540d"}
,"F:\\Web Dev\\Quizario\\backend\\helpers\\getFileExtension.js": {"path":"F:\\Web Dev\\Quizario\\backend\\helpers\\getFileExtension.js","statementMap":{"0":{"start":{"line":1,"column":0},"end":{"line":1,"column":62}},"1":{"start":{"line":1,"column":36},"end":{"line":1,"column":61}}},"fnMap":{"0":{"name":"(anonymous_0)","decl":{"start":{"line":1,"column":17},"end":{"line":1,"column":18}},"loc":{"start":{"line":1,"column":36},"end":{"line":1,"column":61}},"line":1}},"branchMap":{"0":{"loc":{"start":{"line":1,"column":18},"end":{"line":1,"column":31}},"type":"default-arg","locations":[{"start":{"line":1,"column":29},"end":{"line":1,"column":31}}],"line":1}},"s":{"0":4,"1":1},"f":{"0":1},"b":{"0":[0]},"_coverageSchema":"43e27e138ebf9cfc5966b082cf9a028302ed4184","hash":"db4db2ff85a1bec149b0f516e0f12c65449fa90b"}
,"F:\\Web Dev\\Quizario\\backend\\helpers\\getRootPath.js": {"path":"F:\\Web Dev\\Quizario\\backend\\helpers\\getRootPath.js","statementMap":{"0":{"start":{"line":1,"column":13},"end":{"line":1,"column":28}},"1":{"start":{"line":3,"column":0},"end":{"line":3,"column":59}},"2":{"start":{"line":3,"column":23},"end":{"line":3,"column":58}}},"fnMap":{"0":{"name":"(anonymous_0)","decl":{"start":{"line":3,"column":17},"end":{"line":3,"column":18}},"loc":{"start":{"line":3,"column":23},"end":{"line":3,"column":58}},"line":3}},"branchMap":{},"s":{"0":4,"1":4,"2":10},"f":{"0":10},"b":{},"_coverageSchema":"43e27e138ebf9cfc5966b082cf9a028302ed4184","hash":"88acb0c3f249dc99dfb3868e5b98b8f8f6646b7a"}
,"F:\\Web Dev\\Quizario\\backend\\middleware\\auth.js": {"path":"F:\\Web Dev\\Quizario\\backend\\middleware\\auth.js","statementMap":{"0":{"start":{"line":1,"column":12},"end":{"line":1,"column":35}},"1":{"start":{"line":2,"column":15},"end":{"line":2,"column":32}},"2":{"start":{"line":5,"column":18},"end":{"line":5,"column":44}},"3":{"start":{"line":6,"column":4},"end":{"line":6,"column":64}},"4":{"start":{"line":6,"column":15},"end":{"line":6,"column":64}},"5":{"start":{"line":8,"column":20},"end":{"line":8,"column":66}},"6":{"start":{"line":9,"column":4},"end":{"line":9,"column":23}},"7":{"start":{"line":10,"column":4},"end":{"line":10,"column":11}},"8":{"start":{"line":13,"column":0},"end":{"line":13,"column":22}}},"fnMap":{"0":{"name":"auth","decl":{"start":{"line":4,"column":9},"end":{"line":4,"column":13}},"loc":{"start":{"line":4,"column":30},"end":{"line":11,"column":1}},"line":4}},"branchMap":{"0":{"loc":{"start":{"line":6,"column":4},"end":{"line":6,"column":64}},"type":"if","locations":[{"start":{"line":6,"column":4},"end":{"line":6,"column":64}},{"start":{"line":6,"column":4},"end":{"line":6,"column":64}}],"line":6}},"s":{"0":3,"1":3,"2":19,"3":19,"4":4,"5":15,"6":15,"7":15,"8":3},"f":{"0":19},"b":{"0":[4,15]},"_coverageSchema":"43e27e138ebf9cfc5966b082cf9a028302ed4184","hash":"795eb6a6b6948674624b55c022eddeee00abe2cd"}
,"F:\\Web Dev\\Quizario\\backend\\middleware\\author.js": {"path":"F:\\Web Dev\\Quizario\\backend\\middleware\\author.js","statementMap":{"0":{"start":{"line":1,"column":17},"end":{"line":1,"column":42}},"1":{"start":{"line":3,"column":15},"end":{"line":10,"column":1}},"2":{"start":{"line":4,"column":17},"end":{"line":4,"column":51}},"3":{"start":{"line":5,"column":4},"end":{"line":5,"column":77}},"4":{"start":{"line":5,"column":14},"end":{"line":5,"column":77}},"5":{"start":{"line":7,"column":4},"end":{"line":7,"column":101}},"6":{"start":{"line":7,"column":37},"end":{"line":7,"column":101}},"7":{"start":{"line":9,"column":4},"end":{"line":9,"column":11}},"8":{"start":{"line":12,"column":0},"end":{"line":12,"column":24}}},"fnMap":{"0":{"name":"(anonymous_0)","decl":{"start":{"line":3,"column":15},"end":{"line":3,"column":16}},"loc":{"start":{"line":3,"column":41},"end":{"line":10,"column":1}},"line":3}},"branchMap":{"0":{"loc":{"start":{"line":5,"column":4},"end":{"line":5,"column":77}},"type":"if","locations":[{"start":{"line":5,"column":4},"end":{"line":5,"column":77}},{"start":{"line":5,"column":4},"end":{"line":5,"column":77}}],"line":5},"1":{"loc":{"start":{"line":7,"column":4},"end":{"line":7,"column":101}},"type":"if","locations":[{"start":{"line":7,"column":4},"end":{"line":7,"column":101}},{"start":{"line":7,"column":4},"end":{"line":7,"column":101}}],"line":7}},"s":{"0":3,"1":3,"2":4,"3":4,"4":0,"5":4,"6":2,"7":2,"8":3},"f":{"0":4},"b":{"0":[0,4],"1":[2,2]},"_coverageSchema":"43e27e138ebf9cfc5966b082cf9a028302ed4184","hash":"893cf4d8e3b140295f5681f921c3b35ad19d3c44"}
,"F:\\Web Dev\\Quizario\\backend\\middleware\\error.js": {"path":"F:\\Web Dev\\Quizario\\backend\\middleware\\error.js","statementMap":{"0":{"start":{"line":2,"column":4},"end":{"line":2,"column":37}},"1":{"start":{"line":5,"column":0},"end":{"line":5,"column":23}}},"fnMap":{"0":{"name":"error","decl":{"start":{"line":1,"column":9},"end":{"line":1,"column":14}},"loc":{"start":{"line":1,"column":35},"end":{"line":3,"column":1}},"line":1}},"branchMap":{},"s":{"0":0,"1":3},"f":{"0":0},"b":{},"_coverageSchema":"43e27e138ebf9cfc5966b082cf9a028302ed4184","hash":"4e09c34131ca57c038b34fe877c6ca2776819e01"}
,"F:\\Web Dev\\Quizario\\backend\\middleware\\uploadImagesToQuiz.js": {"path":"F:\\Web Dev\\Quizario\\backend\\middleware\\uploadImagesToQuiz.js","statementMap":{"0":{"start":{"line":1,"column":15},"end":{"line":1,"column":32}},"1":{"start":{"line":2,"column":11},"end":{"line":2,"column":24}},"2":{"start":{"line":4,"column":17},"end":{"line":4,"column":42}},"3":{"start":{"line":5,"column":21},"end":{"line":5,"column":59}},"4":{"start":{"line":6,"column":17},"end":{"line":6,"column":52}},"5":{"start":{"line":8,"column":16},"end":{"line":16,"column":2}},"6":{"start":{"line":10,"column":20},"end":{"line":10,"column":69}},"7":{"start":{"line":11,"column":8},"end":{"line":11,"column":61}},"8":{"start":{"line":11,"column":32},"end":{"line":11,"column":61}},"9":{"start":{"line":13,"column":8},"end":{"line":13,"column":22}},"10":{"start":{"line":15,"column":34},"end":{"line":15,"column":98}},"11":{"start":{"line":18,"column":19},"end":{"line":29,"column":1}},"12":{"start":{"line":19,"column":17},"end":{"line":19,"column":51}},"13":{"start":{"line":20,"column":4},"end":{"line":21,"column":56}},"14":{"start":{"line":21,"column":8},"end":{"line":21,"column":56}},"15":{"start":{"line":23,"column":4},"end":{"line":23,"column":20}},"16":{"start":{"line":25,"column":4},"end":{"line":28,"column":24}},"17":{"start":{"line":26,"column":8},"end":{"line":26,"column":23}},"18":{"start":{"line":28,"column":8},"end":{"line":28,"column":24}},"19":{"start":{"line":31,"column":0},"end":{"line":31,"column":49}}},"fnMap":{"0":{"name":"(anonymous_0)","decl":{"start":{"line":9,"column":17},"end":{"line":9,"column":18}},"loc":{"start":{"line":9,"column":42},"end":{"line":14,"column":5}},"line":9},"1":{"name":"(anonymous_1)","decl":{"start":{"line":15,"column":14},"end":{"line":15,"column":15}},"loc":{"start":{"line":15,"column":34},"end":{"line":15,"column":98}},"line":15},"2":{"name":"(anonymous_2)","decl":{"start":{"line":18,"column":19},"end":{"line":18,"column":20}},"loc":{"start":{"line":18,"column":44},"end":{"line":29,"column":1}},"line":18}},"branchMap":{"0":{"loc":{"start":{"line":11,"column":8},"end":{"line":11,"column":61}},"type":"if","locations":[{"start":{"line":11,"column":8},"end":{"line":11,"column":61}},{"start":{"line":11,"column":8},"end":{"line":11,"column":61}}],"line":11},"1":{"loc":{"start":{"line":20,"column":4},"end":{"line":21,"column":56}},"type":"if","locations":[{"start":{"line":20,"column":4},"end":{"line":21,"column":56}},{"start":{"line":20,"column":4},"end":{"line":21,"column":56}}],"line":20},"2":{"loc":{"start":{"line":20,"column":7},"end":{"line":20,"column":86}},"type":"binary-expr","locations":[{"start":{"line":20,"column":7},"end":{"line":20,"column":12}},{"start":{"line":20,"column":17},"end":{"line":20,"column":51}},{"start":{"line":20,"column":55},"end":{"line":20,"column":85}}],"line":20},"3":{"loc":{"start":{"line":25,"column":4},"end":{"line":28,"column":24}},"type":"if","locations":[{"start":{"line":25,"column":4},"end":{"line":28,"column":24}},{"start":{"line":25,"column":4},"end":{"line":28,"column":24}}],"line":25},"4":{"loc":{"start":{"line":25,"column":7},"end":{"line":25,"column":70}},"type":"binary-expr","locations":[{"start":{"line":25,"column":7},"end":{"line":25,"column":37}},{"start":{"line":25,"column":41},"end":{"line":25,"column":70}}],"line":25}},"s":{"0":3,"1":3,"2":3,"3":3,"4":3,"5":3,"6":0,"7":0,"8":0,"9":0,"10":0,"11":3,"12":0,"13":0,"14":0,"15":0,"16":0,"17":0,"18":0,"19":3},"f":{"0":0,"1":0,"2":0},"b":{"0":[0,0],"1":[0,0],"2":[0,0,0],"3":[0,0],"4":[0,0]},"_coverageSchema":"43e27e138ebf9cfc5966b082cf9a028302ed4184","hash":"4129c24633490d5e3be1b3f0c716cdbde623da9b"}
,"F:\\Web Dev\\Quizario\\backend\\middleware\\validateObjId.js": {"path":"F:\\Web Dev\\Quizario\\backend\\middleware\\validateObjId.js","statementMap":{"0":{"start":{"line":1,"column":17},"end":{"line":1,"column":36}},"1":{"start":{"line":3,"column":0},"end":{"line":7,"column":1}},"2":{"start":{"line":4,"column":4},"end":{"line":5,"column":56}},"3":{"start":{"line":5,"column":8},"end":{"line":5,"column":56}},"4":{"start":{"line":6,"column":4},"end":{"line":6,"column":11}}},"fnMap":{"0":{"name":"(anonymous_0)","decl":{"start":{"line":3,"column":17},"end":{"line":3,"column":18}},"loc":{"start":{"line":3,"column":42},"end":{"line":7,"column":1}},"line":3}},"branchMap":{"0":{"loc":{"start":{"line":4,"column":4},"end":{"line":5,"column":56}},"type":"if","locations":[{"start":{"line":4,"column":4},"end":{"line":5,"column":56}},{"start":{"line":4,"column":4},"end":{"line":5,"column":56}}],"line":4}},"s":{"0":3,"1":3,"2":8,"3":1,"4":7},"f":{"0":8},"b":{"0":[1,7]},"_coverageSchema":"43e27e138ebf9cfc5966b082cf9a028302ed4184","hash":"f2e58ea9250f64a754ebc7a489d471b4b0be19c8"}
,"F:\\Web Dev\\Quizario\\backend\\models\\quiz.js": {"path":"F:\\Web Dev\\Quizario\\backend\\models\\quiz.js","statementMap":{"0":{"start":{"line":1,"column":17},"end":{"line":1,"column":36}},"1":{"start":{"line":2,"column":12},"end":{"line":2,"column":26}},"2":{"start":{"line":4,"column":19},"end":{"line":46,"column":2}},"3":{"start":{"line":48,"column":0},"end":{"line":50,"column":1}},"4":{"start":{"line":49,"column":4},"end":{"line":49,"column":63}},"5":{"start":{"line":52,"column":13},"end":{"line":52,"column":47}},"6":{"start":{"line":55,"column":19},"end":{"line":67,"column":5}},"7":{"start":{"line":69,"column":4},"end":{"line":69,"column":38}},"8":{"start":{"line":72,"column":0},"end":{"line":72,"column":27}},"9":{"start":{"line":73,"column":0},"end":{"line":73,"column":39}}},"fnMap":{"0":{"name":"(anonymous_0)","decl":{"start":{"line":48,"column":30},"end":{"line":48,"column":31}},"loc":{"start":{"line":48,"column":47},"end":{"line":50,"column":1}},"line":48},"1":{"name":"validateQuiz","decl":{"start":{"line":54,"column":9},"end":{"line":54,"column":21}},"loc":{"start":{"line":54,"column":27},"end":{"line":70,"column":1}},"line":54}},"branchMap":{},"s":{"0":4,"1":4,"2":4,"3":4,"4":6,"5":4,"6":11,"7":11,"8":4,"9":4},"f":{"0":6,"1":11},"b":{},"_coverageSchema":"43e27e138ebf9cfc5966b082cf9a028302ed4184","hash":"030364d235f9da641fefcf234953ce09950af16c"}
,"F:\\Web Dev\\Quizario\\backend\\models\\user.js": {"path":"F:\\Web Dev\\Quizario\\backend\\models\\user.js","statementMap":{"0":{"start":{"line":1,"column":17},"end":{"line":1,"column":36}},"1":{"start":{"line":2,"column":12},"end":{"line":2,"column":26}},"2":{"start":{"line":3,"column":12},"end":{"line":3,"column":35}},"3":{"start":{"line":4,"column":15},"end":{"line":4,"column":32}},"4":{"start":{"line":6,"column":19},"end":{"line":40,"column":2}},"5":{"start":{"line":42,"column":0},"end":{"line":44,"column":1}},"6":{"start":{"line":43,"column":4},"end":{"line":43,"column":91}},"7":{"start":{"line":46,"column":13},"end":{"line":46,"column":47}},"8":{"start":{"line":49,"column":19},"end":{"line":54,"column":5}},"9":{"start":{"line":56,"column":4},"end":{"line":56,"column":38}},"10":{"start":{"line":59,"column":0},"end":{"line":59,"column":27}},"11":{"start":{"line":60,"column":0},"end":{"line":60,"column":39}}},"fnMap":{"0":{"name":"(anonymous_0)","decl":{"start":{"line":42,"column":39},"end":{"line":42,"column":40}},"loc":{"start":{"line":42,"column":50},"end":{"line":44,"column":1}},"line":42},"1":{"name":"validateUser","decl":{"start":{"line":48,"column":9},"end":{"line":48,"column":21}},"loc":{"start":{"line":48,"column":27},"end":{"line":57,"column":1}},"line":48}},"branchMap":{},"s":{"0":4,"1":4,"2":4,"3":4,"4":4,"5":4,"6":47,"7":4,"8":17,"9":17,"10":4,"11":4},"f":{"0":47,"1":17},"b":{},"_coverageSchema":"43e27e138ebf9cfc5966b082cf9a028302ed4184","hash":"087ed56a9887e70a6dc3603a1f3de9f0e79fad04"}
,"F:\\Web Dev\\Quizario\\backend\\routes\\auth.js": {"path":"F:\\Web Dev\\Quizario\\backend\\routes\\auth.js","statementMap":{"0":{"start":{"line":1,"column":15},"end":{"line":1,"column":42}},"1":{"start":{"line":2,"column":12},"end":{"line":2,"column":26}},"2":{"start":{"line":3,"column":15},"end":{"line":3,"column":32}},"3":{"start":{"line":5,"column":17},"end":{"line":5,"column":42}},"4":{"start":{"line":7,"column":0},"end":{"line":23,"column":3}},"5":{"start":{"line":9,"column":22},"end":{"line":9,"column":40}},"6":{"start":{"line":10,"column":4},"end":{"line":10,"column":68}},"7":{"start":{"line":10,"column":14},"end":{"line":10,"column":68}},"8":{"start":{"line":13,"column":17},"end":{"line":13,"column":62}},"9":{"start":{"line":14,"column":4},"end":{"line":14,"column":71}},"10":{"start":{"line":14,"column":14},"end":{"line":14,"column":71}},"11":{"start":{"line":17,"column":26},"end":{"line":17,"column":80}},"12":{"start":{"line":18,"column":4},"end":{"line":18,"column":80}},"13":{"start":{"line":18,"column":23},"end":{"line":18,"column":80}},"14":{"start":{"line":21,"column":18},"end":{"line":21,"column":42}},"15":{"start":{"line":22,"column":4},"end":{"line":22,"column":20}},"16":{"start":{"line":26,"column":19},"end":{"line":29,"column":5}},"17":{"start":{"line":31,"column":4},"end":{"line":31,"column":38}},"18":{"start":{"line":34,"column":0},"end":{"line":34,"column":24}}},"fnMap":{"0":{"name":"(anonymous_0)","decl":{"start":{"line":7,"column":17},"end":{"line":7,"column":18}},"loc":{"start":{"line":7,"column":37},"end":{"line":23,"column":1}},"line":7},"1":{"name":"validate","decl":{"start":{"line":25,"column":9},"end":{"line":25,"column":17}},"loc":{"start":{"line":25,"column":23},"end":{"line":32,"column":1}},"line":25}},"branchMap":{"0":{"loc":{"start":{"line":10,"column":4},"end":{"line":10,"column":68}},"type":"if","locations":[{"start":{"line":10,"column":4},"end":{"line":10,"column":68}},{"start":{"line":10,"column":4},"end":{"line":10,"column":68}}],"line":10},"1":{"loc":{"start":{"line":14,"column":4},"end":{"line":14,"column":71}},"type":"if","locations":[{"start":{"line":14,"column":4},"end":{"line":14,"column":71}},{"start":{"line":14,"column":4},"end":{"line":14,"column":71}}],"line":14},"2":{"loc":{"start":{"line":18,"column":4},"end":{"line":18,"column":80}},"type":"if","locations":[{"start":{"line":18,"column":4},"end":{"line":18,"column":80}},{"start":{"line":18,"column":4},"end":{"line":18,"column":80}}],"line":18}},"s":{"0":3,"1":3,"2":3,"3":3,"4":3,"5":7,"6":7,"7":4,"8":3,"9":3,"10":1,"11":2,"12":2,"13":1,"14":1,"15":1,"16":7,"17":7,"18":3},"f":{"0":7,"1":7},"b":{"0":[4,3],"1":[1,2],"2":[1,1]},"_coverageSchema":"43e27e138ebf9cfc5966b082cf9a028302ed4184","hash":"12dff080b5dd75728e61647ef394526d32e556ec"}
,"F:\\Web Dev\\Quizario\\backend\\routes\\home.js": {"path":"F:\\Web Dev\\Quizario\\backend\\routes\\home.js","statementMap":{"0":{"start":{"line":1,"column":15},"end":{"line":1,"column":42}},"1":{"start":{"line":3,"column":17},"end":{"line":3,"column":52}},"2":{"start":{"line":5,"column":0},"end":{"line":8,"column":3}},"3":{"start":{"line":6,"column":4},"end":{"line":6,"column":47}},"4":{"start":{"line":7,"column":4},"end":{"line":7,"column":52}},"5":{"start":{"line":10,"column":0},"end":{"line":10,"column":24}}},"fnMap":{"0":{"name":"(anonymous_0)","decl":{"start":{"line":5,"column":16},"end":{"line":5,"column":17}},"loc":{"start":{"line":5,"column":30},"end":{"line":8,"column":1}},"line":5}},"branchMap":{},"s":{"0":3,"1":3,"2":3,"3":0,"4":0,"5":3},"f":{"0":0},"b":{},"_coverageSchema":"43e27e138ebf9cfc5966b082cf9a028302ed4184","hash":"6f74d67a9bc0c5ff3e5013b62458d5f58fda6973"}
,"F:\\Web Dev\\Quizario\\backend\\routes\\quizzes.js": {"path":"F:\\Web Dev\\Quizario\\backend\\routes\\quizzes.js","statementMap":{"0":{"start":{"line":1,"column":15},"end":{"line":1,"column":42}},"1":{"start":{"line":2,"column":13},"end":{"line":2,"column":28}},"2":{"start":{"line":4,"column":27},"end":{"line":4,"column":52}},"3":{"start":{"line":5,"column":13},"end":{"line":5,"column":42}},"4":{"start":{"line":6,"column":15},"end":{"line":6,"column":46}},"5":{"start":{"line":7,"column":22},"end":{"line":7,"column":60}},"6":{"start":{"line":8,"column":15},"end":{"line":8,"column":58}},"7":{"start":{"line":9,"column":17},"end":{"line":9,"column":52}},"8":{"start":{"line":11,"column":0},"end":{"line":15,"column":3}},"9":{"start":{"line":13,"column":20},"end":{"line":13,"column":37}},"10":{"start":{"line":14,"column":4},"end":{"line":14,"column":22}},"11":{"start":{"line":17,"column":0},"end":{"line":24,"column":3}},"12":{"start":{"line":19,"column":17},"end":{"line":19,"column":51}},"13":{"start":{"line":20,"column":4},"end":{"line":20,"column":80}},"14":{"start":{"line":20,"column":14},"end":{"line":20,"column":80}},"15":{"start":{"line":23,"column":4},"end":{"line":23,"column":19}},"16":{"start":{"line":26,"column":0},"end":{"line":42,"column":3}},"17":{"start":{"line":28,"column":22},"end":{"line":28,"column":40}},"18":{"start":{"line":29,"column":4},"end":{"line":29,"column":68}},"19":{"start":{"line":29,"column":14},"end":{"line":29,"column":68}},"20":{"start":{"line":32,"column":15},"end":{"line":36,"column":6}},"21":{"start":{"line":38,"column":4},"end":{"line":38,"column":22}},"22":{"start":{"line":41,"column":4},"end":{"line":41,"column":19}},"23":{"start":{"line":44,"column":0},"end":{"line":58,"column":3}},"24":{"start":{"line":46,"column":22},"end":{"line":46,"column":40}},"25":{"start":{"line":47,"column":4},"end":{"line":47,"column":68}},"26":{"start":{"line":47,"column":14},"end":{"line":47,"column":68}},"27":{"start":{"line":50,"column":15},"end":{"line":50,"column":49}},"28":{"start":{"line":51,"column":4},"end":{"line":51,"column":77}},"29":{"start":{"line":51,"column":14},"end":{"line":51,"column":77}},"30":{"start":{"line":54,"column":4},"end":{"line":54,"column":80}},"31":{"start":{"line":57,"column":4},"end":{"line":57,"column":19}},"32":{"start":{"line":60,"column":0},"end":{"line":73,"column":3}},"33":{"start":{"line":62,"column":15},"end":{"line":62,"column":49}},"34":{"start":{"line":63,"column":4},"end":{"line":63,"column":76}},"35":{"start":{"line":63,"column":14},"end":{"line":63,"column":76}},"36":{"start":{"line":66,"column":4},"end":{"line":66,"column":50}},"37":{"start":{"line":69,"column":4},"end":{"line":69,"column":64}},"38":{"start":{"line":72,"column":4},"end":{"line":72,"column":19}},"39":{"start":{"line":75,"column":0},"end":{"line":90,"column":3}},"40":{"start":{"line":77,"column":17},"end":{"line":77,"column":51}},"41":{"start":{"line":78,"column":4},"end":{"line":78,"column":80}},"42":{"start":{"line":78,"column":14},"end":{"line":78,"column":80}},"43":{"start":{"line":81,"column":4},"end":{"line":85,"column":5}},"44":{"start":{"line":82,"column":21},"end":{"line":82,"column":94}},"45":{"start":{"line":83,"column":8},"end":{"line":83,"column":96}},"46":{"start":{"line":83,"column":18},"end":{"line":83,"column":96}},"47":{"start":{"line":84,"column":8},"end":{"line":84,"column":29}},"48":{"start":{"line":88,"column":4},"end":{"line":88,"column":22}},"49":{"start":{"line":89,"column":4},"end":{"line":89,"column":19}},"50":{"start":{"line":92,"column":0},"end":{"line":92,"column":24}}},"fnMap":{"0":{"name":"(anonymous_0)","decl":{"start":{"line":11,"column":16},"end":{"line":11,"column":17}},"loc":{"start":{"line":11,"column":36},"end":{"line":15,"column":1}},"line":11},"1":{"name":"(anonymous_1)","decl":{"start":{"line":17,"column":34},"end":{"line":17,"column":35}},"loc":{"start":{"line":17,"column":54},"end":{"line":24,"column":1}},"line":17},"2":{"name":"(anonymous_2)","decl":{"start":{"line":26,"column":23},"end":{"line":26,"column":24}},"loc":{"start":{"line":26,"column":43},"end":{"line":42,"column":1}},"line":26},"3":{"name":"(anonymous_3)","decl":{"start":{"line":44,"column":50},"end":{"line":44,"column":51}},"loc":{"start":{"line":44,"column":70},"end":{"line":58,"column":1}},"line":44},"4":{"name":"(anonymous_4)","decl":{"start":{"line":60,"column":53},"end":{"line":60,"column":54}},"loc":{"start":{"line":60,"column":73},"end":{"line":73,"column":1}},"line":60},"5":{"name":"(anonymous_5)","decl":{"start":{"line":75,"column":72},"end":{"line":75,"column":73}},"loc":{"start":{"line":75,"column":92},"end":{"line":90,"column":1}},"line":75}},"branchMap":{"0":{"loc":{"start":{"line":20,"column":4},"end":{"line":20,"column":80}},"type":"if","locations":[{"start":{"line":20,"column":4},"end":{"line":20,"column":80}},{"start":{"line":20,"column":4},"end":{"line":20,"column":80}}],"line":20},"1":{"loc":{"start":{"line":29,"column":4},"end":{"line":29,"column":68}},"type":"if","locations":[{"start":{"line":29,"column":4},"end":{"line":29,"column":68}},{"start":{"line":29,"column":4},"end":{"line":29,"column":68}}],"line":29},"2":{"loc":{"start":{"line":47,"column":4},"end":{"line":47,"column":68}},"type":"if","locations":[{"start":{"line":47,"column":4},"end":{"line":47,"column":68}},{"start":{"line":47,"column":4},"end":{"line":47,"column":68}}],"line":47},"3":{"loc":{"start":{"line":51,"column":4},"end":{"line":51,"column":77}},"type":"if","locations":[{"start":{"line":51,"column":4},"end":{"line":51,"column":77}},{"start":{"line":51,"column":4},"end":{"line":51,"column":77}}],"line":51},"4":{"loc":{"start":{"line":63,"column":4},"end":{"line":63,"column":76}},"type":"if","locations":[{"start":{"line":63,"column":4},"end":{"line":63,"column":76}},{"start":{"line":63,"column":4},"end":{"line":63,"column":76}}],"line":63},"5":{"loc":{"start":{"line":78,"column":4},"end":{"line":78,"column":80}},"type":"if","locations":[{"start":{"line":78,"column":4},"end":{"line":78,"column":80}},{"start":{"line":78,"column":4},"end":{"line":78,"column":80}}],"line":78},"6":{"loc":{"start":{"line":82,"column":21},"end":{"line":82,"column":94}},"type":"cond-expr","locations":[{"start":{"line":82,"column":54},"end":{"line":82,"column":58}},{"start":{"line":82,"column":61},"end":{"line":82,"column":94}}],"line":82},"7":{"loc":{"start":{"line":83,"column":8},"end":{"line":83,"column":96}},"type":"if","locations":[{"start":{"line":83,"column":8},"end":{"line":83,"column":96}},{"start":{"line":83,"column":8},"end":{"line":83,"column":96}}],"line":83}},"s":{"0":3,"1":3,"2":3,"3":3,"4":3,"5":3,"6":3,"7":3,"8":3,"9":1,"10":1,"11":3,"12":1,"13":1,"14":0,"15":1,"16":3,"17":10,"18":10,"19":9,"20":1,"21":1,"22":1,"23":3,"24":1,"25":1,"26":0,"27":1,"28":1,"29":0,"30":1,"31":1,"32":3,"33":1,"34":1,"35":0,"36":1,"37":1,"38":1,"39":3,"40":0,"41":0,"42":0,"43":0,"44":0,"45":0,"46":0,"47":0,"48":0,"49":0,"50":3},"f":{"0":1,"1":1,"2":10,"3":1,"4":1,"5":0},"b":{"0":[0,1],"1":[9,1],"2":[0,1],"3":[0,1],"4":[0,1],"5":[0,0],"6":[0,0],"7":[0,0]},"_coverageSchema":"43e27e138ebf9cfc5966b082cf9a028302ed4184","hash":"3db1be813af53d2dccdc118afdedd22528a3729e"}
,"F:\\Web Dev\\Quizario\\backend\\routes\\users.js": {"path":"F:\\Web Dev\\Quizario\\backend\\routes\\users.js","statementMap":{"0":{"start":{"line":1,"column":15},"end":{"line":1,"column":42}},"1":{"start":{"line":2,"column":15},"end":{"line":2,"column":32}},"2":{"start":{"line":4,"column":13},"end":{"line":4,"column":42}},"3":{"start":{"line":5,"column":27},"end":{"line":5,"column":52}},"4":{"start":{"line":7,"column":0},"end":{"line":10,"column":3}},"5":{"start":{"line":8,"column":17},"end":{"line":8,"column":70}},"6":{"start":{"line":9,"column":4},"end":{"line":9,"column":19}},"7":{"start":{"line":12,"column":0},"end":{"line":42,"column":3}},"8":{"start":{"line":14,"column":22},"end":{"line":14,"column":40}},"9":{"start":{"line":15,"column":4},"end":{"line":15,"column":68}},"10":{"start":{"line":15,"column":14},"end":{"line":15,"column":68}},"11":{"start":{"line":18,"column":15},"end":{"line":18,"column":60}},"12":{"start":{"line":19,"column":4},"end":{"line":19,"column":68}},"13":{"start":{"line":19,"column":13},"end":{"line":19,"column":68}},"14":{"start":{"line":22,"column":4},"end":{"line":27,"column":7}},"15":{"start":{"line":30,"column":17},"end":{"line":30,"column":41}},"16":{"start":{"line":31,"column":4},"end":{"line":31,"column":59}},"17":{"start":{"line":32,"column":4},"end":{"line":32,"column":22}},"18":{"start":{"line":35,"column":18},"end":{"line":35,"column":42}},"19":{"start":{"line":36,"column":4},"end":{"line":41,"column":7}},"20":{"start":{"line":44,"column":0},"end":{"line":44,"column":24}}},"fnMap":{"0":{"name":"(anonymous_0)","decl":{"start":{"line":7,"column":24},"end":{"line":7,"column":25}},"loc":{"start":{"line":7,"column":44},"end":{"line":10,"column":1}},"line":7},"1":{"name":"(anonymous_1)","decl":{"start":{"line":12,"column":17},"end":{"line":12,"column":18}},"loc":{"start":{"line":12,"column":37},"end":{"line":42,"column":1}},"line":12}},"branchMap":{"0":{"loc":{"start":{"line":15,"column":4},"end":{"line":15,"column":68}},"type":"if","locations":[{"start":{"line":15,"column":4},"end":{"line":15,"column":68}},{"start":{"line":15,"column":4},"end":{"line":15,"column":68}}],"line":15},"1":{"loc":{"start":{"line":19,"column":4},"end":{"line":19,"column":68}},"type":"if","locations":[{"start":{"line":19,"column":4},"end":{"line":19,"column":68}},{"start":{"line":19,"column":4},"end":{"line":19,"column":68}}],"line":19}},"s":{"0":3,"1":3,"2":3,"3":3,"4":3,"5":1,"6":1,"7":3,"8":17,"9":17,"10":9,"11":8,"12":8,"13":0,"14":8,"15":8,"16":8,"17":8,"18":8,"19":8,"20":3},"f":{"0":1,"1":17},"b":{"0":[9,8],"1":[0,8]},"_coverageSchema":"43e27e138ebf9cfc5966b082cf9a028302ed4184","hash":"477b9191d8f716eaa05c037460971078c9274cc4"}
,"F:\\Web Dev\\Quizario\\backend\\startup\\config.js": {"path":"F:\\Web Dev\\Quizario\\backend\\startup\\config.js","statementMap":{"0":{"start":{"line":1,"column":15},"end":{"line":1,"column":32}},"1":{"start":{"line":3,"column":0},"end":{"line":7,"column":1}},"2":{"start":{"line":4,"column":4},"end":{"line":6,"column":5}},"3":{"start":{"line":5,"column":8},"end":{"line":5,"column":57}}},"fnMap":{"0":{"name":"(anonymous_0)","decl":{"start":{"line":3,"column":17},"end":{"line":3,"column":18}},"loc":{"start":{"line":3,"column":28},"end":{"line":7,"column":1}},"line":3}},"branchMap":{"0":{"loc":{"start":{"line":4,"column":4},"end":{"line":6,"column":5}},"type":"if","locations":[{"start":{"line":4,"column":4},"end":{"line":6,"column":5}},{"start":{"line":4,"column":4},"end":{"line":6,"column":5}}],"line":4}},"s":{"0":3,"1":3,"2":3,"3":0},"f":{"0":3},"b":{"0":[0,3]},"_coverageSchema":"43e27e138ebf9cfc5966b082cf9a028302ed4184","hash":"ebbba70f1060737fb7169c4651746774f2ad6ba3"}
,"F:\\Web Dev\\Quizario\\backend\\startup\\database.js": {"path":"F:\\Web Dev\\Quizario\\backend\\startup\\database.js","statementMap":{"0":{"start":{"line":1,"column":17},"end":{"line":1,"column":36}},"1":{"start":{"line":2,"column":15},"end":{"line":2,"column":32}},"2":{"start":{"line":4,"column":0},"end":{"line":9,"column":1}},"3":{"start":{"line":5,"column":21},"end":{"line":5,"column":43}},"4":{"start":{"line":6,"column":4},"end":{"line":8,"column":68}},"5":{"start":{"line":7,"column":16},"end":{"line":7,"column":57}},"6":{"start":{"line":8,"column":17},"end":{"line":8,"column":66}}},"fnMap":{"0":{"name":"(anonymous_0)","decl":{"start":{"line":4,"column":17},"end":{"line":4,"column":18}},"loc":{"start":{"line":4,"column":28},"end":{"line":9,"column":1}},"line":4},"1":{"name":"(anonymous_1)","decl":{"start":{"line":7,"column":10},"end":{"line":7,"column":11}},"loc":{"start":{"line":7,"column":16},"end":{"line":7,"column":57}},"line":7},"2":{"name":"(anonymous_2)","decl":{"start":{"line":8,"column":11},"end":{"line":8,"column":12}},"loc":{"start":{"line":8,"column":17},"end":{"line":8,"column":66}},"line":8}},"branchMap":{},"s":{"0":3,"1":3,"2":3,"3":3,"4":3,"5":3,"6":0},"f":{"0":3,"1":3,"2":0},"b":{},"_coverageSchema":"43e27e138ebf9cfc5966b082cf9a028302ed4184","hash":"0bdbd73286a40612954d9e63cff1c59d33b15843"}
,"F:\\Web Dev\\Quizario\\backend\\startup\\logging.js": {"path":"F:\\Web Dev\\Quizario\\backend\\startup\\logging.js","statementMap":{"0":{"start":{"line":1,"column":16},"end":{"line":1,"column":34}},"1":{"start":{"line":3,"column":0},"end":{"line":6,"column":1}},"2":{"start":{"line":4,"column":4},"end":{"line":4,"column":105}},"3":{"start":{"line":5,"column":4},"end":{"line":5,"column":60}},"4":{"start":{"line":5,"column":46},"end":{"line":5,"column":56}}},"fnMap":{"0":{"name":"(anonymous_0)","decl":{"start":{"line":3,"column":17},"end":{"line":3,"column":18}},"loc":{"start":{"line":3,"column":28},"end":{"line":6,"column":1}},"line":3},"1":{"name":"(anonymous_1)","decl":{"start":{"line":5,"column":37},"end":{"line":5,"column":38}},"loc":{"start":{"line":5,"column":44},"end":{"line":5,"column":58}},"line":5}},"branchMap":{},"s":{"0":3,"1":3,"2":3,"3":3,"4":0},"f":{"0":3,"1":0},"b":{},"_coverageSchema":"43e27e138ebf9cfc5966b082cf9a028302ed4184","hash":"322f84bdf39fae8c443cc361ff19b84bc63f592a"}
,"F:\\Web Dev\\Quizario\\backend\\startup\\routes.js": {"path":"F:\\Web Dev\\Quizario\\backend\\startup\\routes.js","statementMap":{"0":{"start":{"line":1,"column":16},"end":{"line":1,"column":34}},"1":{"start":{"line":3,"column":14},"end":{"line":3,"column":40}},"2":{"start":{"line":4,"column":13},"end":{"line":4,"column":38}},"3":{"start":{"line":5,"column":16},"end":{"line":5,"column":44}},"4":{"start":{"line":6,"column":13},"end":{"line":6,"column":38}},"5":{"start":{"line":7,"column":14},"end":{"line":7,"column":44}},"6":{"start":{"line":9,"column":0},"end":{"line":17,"column":1}},"7":{"start":{"line":10,"column":4},"end":{"line":10,"column":28}},"8":{"start":{"line":11,"column":4},"end":{"line":11,"column":50}},"9":{"start":{"line":12,"column":4},"end":{"line":12,"column":33}},"10":{"start":{"line":13,"column":4},"end":{"line":13,"column":37}},"11":{"start":{"line":14,"column":4},"end":{"line":14,"column":31}},"12":{"start":{"line":15,"column":4},"end":{"line":15,"column":23}},"13":{"start":{"line":16,"column":4},"end":{"line":16,"column":19}}},"fnMap":{"0":{"name":"(anonymous_0)","decl":{"start":{"line":9,"column":17},"end":{"line":9,"column":18}},"loc":{"start":{"line":9,"column":31},"end":{"line":17,"column":1}},"line":9}},"branchMap":{},"s":{"0":3,"1":3,"2":3,"3":3,"4":3,"5":3,"6":3,"7":3,"8":3,"9":3,"10":3,"11":3,"12":3,"13":3},"f":{"0":3},"b":{},"_coverageSchema":"43e27e138ebf9cfc5966b082cf9a028302ed4184","hash":"536ba967cc6b5973499c2305932daa5ce5cc87cf"}
}
