TN:
SF:F:\Web Dev\Quizario\backend\index.js
FN:11,(anonymous_0)
FNF:1
FNH:1
FNDA:3,(anonymous_0)
DA:1,3
DA:2,3
DA:3,3
DA:5,3
DA:6,3
DA:7,3
DA:8,3
DA:10,3
DA:11,3
DA:13,3
LF:10
LH:10
BRDA:10,0,0,3
BRDA:10,0,1,3
BRF:2
BRH:2
end_of_record
TN:
SF:F:\Web Dev\Quizario\backend\helpers\createDummyText.js
FN:1,(anonymous_0)
FNF:1
FNH:1
FNDA:10,(anonymous_0)
DA:1,10
LF:1
LH:1
BRDA:1,0,0,0
BRF:1
BRH:0
end_of_record
TN:
SF:F:\Web Dev\Quizario\backend\helpers\getFileExtension.js
FN:1,(anonymous_0)
FNF:1
FNH:1
FNDA:1,(anonymous_0)
DA:1,4
LF:1
LH:1
BRDA:1,0,0,0
BRF:1
BRH:0
end_of_record
TN:
SF:F:\Web Dev\Quizario\backend\helpers\getRootPath.js
FN:3,(anonymous_0)
FNF:1
FNH:1
FNDA:10,(anonymous_0)
DA:1,4
DA:3,10
LF:2
LH:2
BRF:0
BRH:0
end_of_record
TN:
SF:F:\Web Dev\Quizario\backend\middleware\auth.js
FN:4,auth
FNF:1
FNH:1
FNDA:19,auth
DA:1,3
DA:2,3
DA:5,19
DA:6,19
DA:8,15
DA:9,15
DA:10,15
DA:13,3
LF:8
LH:8
BRDA:6,0,0,4
BRDA:6,0,1,15
BRF:2
BRH:2
end_of_record
TN:
SF:F:\Web Dev\Quizario\backend\middleware\author.js
FN:3,(anonymous_0)
FNF:1
FNH:1
FNDA:4,(anonymous_0)
DA:1,3
DA:3,3
DA:4,4
DA:5,4
DA:7,4
DA:9,2
DA:12,3
LF:7
LH:7
BRDA:5,0,0,0
BRDA:5,0,1,4
BRDA:7,1,0,2
BRDA:7,1,1,2
BRF:4
BRH:3
end_of_record
TN:
SF:F:\Web Dev\Quizario\backend\middleware\error.js
FN:1,error
FNF:1
FNH:0
FNDA:0,error
DA:2,0
DA:5,3
LF:2
LH:1
BRF:0
BRH:0
end_of_record
TN:
SF:F:\Web Dev\Quizario\backend\middleware\uploadImagesToQuiz.js
FN:9,(anonymous_0)
FN:15,(anonymous_1)
FN:18,(anonymous_2)
FNF:3
FNH:0
FNDA:0,(anonymous_0)
FNDA:0,(anonymous_1)
FNDA:0,(anonymous_2)
DA:1,3
DA:2,3
DA:4,3
DA:5,3
DA:6,3
DA:8,3
DA:10,0
DA:11,0
DA:13,0
DA:15,0
DA:18,3
DA:19,0
DA:20,0
DA:21,0
DA:23,0
DA:25,0
DA:26,0
DA:28,0
DA:31,3
LF:19
LH:8
BRDA:11,0,0,0
BRDA:11,0,1,0
BRDA:20,1,0,0
BRDA:20,1,1,0
BRDA:20,2,0,0
BRDA:20,2,1,0
BRDA:20,2,2,0
BRDA:25,3,0,0
BRDA:25,3,1,0
BRDA:25,4,0,0
BRDA:25,4,1,0
BRF:11
BRH:0
end_of_record
TN:
SF:F:\Web Dev\Quizario\backend\middleware\validateObjId.js
FN:3,(anonymous_0)
FNF:1
FNH:1
FNDA:8,(anonymous_0)
DA:1,3
DA:3,3
DA:4,8
DA:5,1
DA:6,7
LF:5
LH:5
BRDA:4,0,0,1
BRDA:4,0,1,7
BRF:2
BRH:2
end_of_record
TN:
SF:F:\Web Dev\Quizario\backend\models\quiz.js
FN:48,(anonymous_0)
FN:54,validateQuiz
FNF:2
FNH:2
FNDA:6,(anonymous_0)
FNDA:11,validateQuiz
DA:1,4
DA:2,4
DA:4,4
DA:48,4
DA:49,6
DA:52,4
DA:55,11
DA:69,11
DA:72,4
DA:73,4
LF:10
LH:10
BRF:0
BRH:0
end_of_record
TN:
SF:F:\Web Dev\Quizario\backend\models\user.js
FN:42,(anonymous_0)
FN:48,validateUser
FNF:2
FNH:2
FNDA:47,(anonymous_0)
FNDA:17,validateUser
DA:1,4
DA:2,4
DA:3,4
DA:4,4
DA:6,4
DA:42,4
DA:43,47
DA:46,4
DA:49,17
DA:56,17
DA:59,4
DA:60,4
LF:12
LH:12
BRF:0
BRH:0
end_of_record
TN:
SF:F:\Web Dev\Quizario\backend\routes\auth.js
FN:7,(anonymous_0)
FN:25,validate
FNF:2
FNH:2
FNDA:7,(anonymous_0)
FNDA:7,validate
DA:1,3
DA:2,3
DA:3,3
DA:5,3
DA:7,3
DA:9,7
DA:10,7
DA:13,3
DA:14,3
DA:17,2
DA:18,2
DA:21,1
DA:22,1
DA:26,7
DA:31,7
DA:34,3
LF:16
LH:16
BRDA:10,0,0,4
BRDA:10,0,1,3
BRDA:14,1,0,1
BRDA:14,1,1,2
BRDA:18,2,0,1
BRDA:18,2,1,1
BRF:6
BRH:6
end_of_record
TN:
SF:F:\Web Dev\Quizario\backend\routes\home.js
FN:5,(anonymous_0)
FNF:1
FNH:0
FNDA:0,(anonymous_0)
DA:1,3
DA:3,3
DA:5,3
DA:6,0
DA:7,0
DA:10,3
LF:6
LH:4
BRF:0
BRH:0
end_of_record
TN:
SF:F:\Web Dev\Quizario\backend\routes\quizzes.js
FN:11,(anonymous_0)
FN:17,(anonymous_1)
FN:26,(anonymous_2)
FN:44,(anonymous_3)
FN:60,(anonymous_4)
FN:75,(anonymous_5)
FNF:6
FNH:5
FNDA:1,(anonymous_0)
FNDA:1,(anonymous_1)
FNDA:10,(anonymous_2)
FNDA:1,(anonymous_3)
FNDA:1,(anonymous_4)
FNDA:0,(anonymous_5)
DA:1,3
DA:2,3
DA:4,3
DA:5,3
DA:6,3
DA:7,3
DA:8,3
DA:9,3
DA:11,3
DA:13,1
DA:14,1
DA:17,3
DA:19,1
DA:20,1
DA:23,1
DA:26,3
DA:28,10
DA:29,10
DA:32,1
DA:38,1
DA:41,1
DA:44,3
DA:46,1
DA:47,1
DA:50,1
DA:51,1
DA:54,1
DA:57,1
DA:60,3
DA:62,1
DA:63,1
DA:66,1
DA:69,1
DA:72,1
DA:75,3
DA:77,0
DA:78,0
DA:81,0
DA:82,0
DA:83,0
DA:84,0
DA:88,0
DA:89,0
DA:92,3
LF:44
LH:36
BRDA:20,0,0,0
BRDA:20,0,1,1
BRDA:29,1,0,9
BRDA:29,1,1,1
BRDA:47,2,0,0
BRDA:47,2,1,1
BRDA:51,3,0,0
BRDA:51,3,1,1
BRDA:63,4,0,0
BRDA:63,4,1,1
BRDA:78,5,0,0
BRDA:78,5,1,0
BRDA:82,6,0,0
BRDA:82,6,1,0
BRDA:83,7,0,0
BRDA:83,7,1,0
BRF:16
BRH:6
end_of_record
TN:
SF:F:\Web Dev\Quizario\backend\routes\users.js
FN:7,(anonymous_0)
FN:12,(anonymous_1)
FNF:2
FNH:2
FNDA:1,(anonymous_0)
FNDA:17,(anonymous_1)
DA:1,3
DA:2,3
DA:4,3
DA:5,3
DA:7,3
DA:8,1
DA:9,1
DA:12,3
DA:14,17
DA:15,17
DA:18,8
DA:19,8
DA:22,8
DA:30,8
DA:31,8
DA:32,8
DA:35,8
DA:36,8
DA:44,3
LF:19
LH:19
BRDA:15,0,0,9
BRDA:15,0,1,8
BRDA:19,1,0,0
BRDA:19,1,1,8
BRF:4
BRH:3
end_of_record
TN:
SF:F:\Web Dev\Quizario\backend\startup\config.js
FN:3,(anonymous_0)
FNF:1
FNH:1
FNDA:3,(anonymous_0)
DA:1,3
DA:3,3
DA:4,3
DA:5,0
LF:4
LH:3
BRDA:4,0,0,0
BRDA:4,0,1,3
BRF:2
BRH:1
end_of_record
TN:
SF:F:\Web Dev\Quizario\backend\startup\database.js
FN:4,(anonymous_0)
FN:7,(anonymous_1)
FN:8,(anonymous_2)
FNF:3
FNH:2
FNDA:3,(anonymous_0)
FNDA:3,(anonymous_1)
FNDA:0,(anonymous_2)
DA:1,3
DA:2,3
DA:4,3
DA:5,3
DA:6,3
DA:7,3
DA:8,0
LF:7
LH:6
BRF:0
BRH:0
end_of_record
TN:
SF:F:\Web Dev\Quizario\backend\startup\logging.js
FN:3,(anonymous_0)
FN:5,(anonymous_1)
FNF:2
FNH:1
FNDA:3,(anonymous_0)
FNDA:0,(anonymous_1)
DA:1,3
DA:3,3
DA:4,3
DA:5,3
LF:4
LH:4
BRF:0
BRH:0
end_of_record
TN:
SF:F:\Web Dev\Quizario\backend\startup\routes.js
FN:9,(anonymous_0)
FNF:1
FNH:1
FNDA:3,(anonymous_0)
DA:1,3
DA:3,3
DA:4,3
DA:5,3
DA:6,3
DA:7,3
DA:9,3
DA:10,3
DA:11,3
DA:12,3
DA:13,3
DA:14,3
DA:15,3
DA:16,3
LF:14
LH:14
BRF:0
BRH:0
end_of_record
